# JRE version: Java(TM) SE Runtime Environment (8.0_191-b12) (build 1.8.0_191-b12)
# Java VM: Java HotSpot(TM) 64-Bit Server VM (25.191-b12 mixed mode windows-amd64 compressed oops)
Heap:
 PSYoungGen      total 285184K, used 24819K [0x0000000780600000, 0x0000000793600000, 0x00000007c0000000)
  eden space 271360K, 9% used [0x0000000780600000,0x0000000781e3cc68,0x0000000790f00000)
  from space 13824K, 0% used [0x0000000791f80000,0x0000000791f80000,0x0000000792d00000)
  to   space 16896K, 0% used [0x0000000790f00000,0x0000000790f00000,0x0000000791f80000)
 ParOldGen       total 129024K, used 25825K [0x0000000701200000, 0x0000000709000000, 0x0000000780600000)
  object space 129024K, 20% used [0x0000000701200000,0x0000000702b38400,0x0000000709000000)
 Metaspace       used 36428K, capacity 36962K, committed 37208K, reserved 1081344K
  class space    used 4764K, capacity 4892K, committed 4952K, reserved 1048576K
GC Heap History (10 events):
Event: 6.826 GC heap before
{Heap before GC invocations=6 (full 1):
 PSYoungGen      total 106496K, used 98304K [0x0000000780600000, 0x0000000787600000, 0x00000007c0000000)
  eden space 98304K, 100% used [0x0000000780600000,0x0000000786600000,0x0000000786600000)
  from space 8192K, 0% used [0x0000000786e00000,0x0000000786e00000,0x0000000787600000)
  to   space 8192K, 0% used [0x0000000786600000,0x0000000786600000,0x0000000786e00000)
 ParOldGen       total 73216K, used 7178K [0x0000000701200000, 0x0000000705980000, 0x0000000780600000)
  object space 73216K, 9% used [0x0000000701200000,0x0000000701902bc0,0x0000000705980000)
 Metaspace       used 22102K, capacity 22430K, committed 22784K, reserved 1069056K
  class space    used 2873K, capacity 2966K, committed 3072K, reserved 1048576K
Event: 6.835 GC heap after
Heap after GC invocations=6 (full 1):
 PSYoungGen      total 106496K, used 5227K [0x0000000780600000, 0x000000078b800000, 0x00000007c0000000)
  eden space 98304K, 0% used [0x0000000780600000,0x0000000780600000,0x0000000786600000)
  from space 8192K, 63% used [0x0000000786600000,0x0000000786b1ad68,0x0000000786e00000)
  to   space 9728K, 0% used [0x000000078ae80000,0x000000078ae80000,0x000000078b800000)
 ParOldGen       total 73216K, used 7178K [0x0000000701200000, 0x0000000705980000, 0x0000000780600000)
  object space 73216K, 9% used [0x0000000701200000,0x0000000701902bc0,0x0000000705980000)
 Metaspace       used 22102K, capacity 22430K, committed 22784K, reserved 1069056K
  class space    used 2873K, capacity 2966K, committed 3072K, reserved 1048576K
}
Event: 7.586 GC heap before
{Heap before GC invocations=7 (full 1):
 PSYoungGen      total 106496K, used 103531K [0x0000000780600000, 0x000000078b800000, 0x00000007c0000000)
  eden space 98304K, 100% used [0x0000000780600000,0x0000000786600000,0x0000000786600000)
  from space 8192K, 63% used [0x0000000786600000,0x0000000786b1ad68,0x0000000786e00000)
  to   space 9728K, 0% used [0x000000078ae80000,0x000000078ae80000,0x000000078b800000)
 ParOldGen       total 73216K, used 7178K [0x0000000701200000, 0x0000000705980000, 0x0000000780600000)
  object space 73216K, 9% used [0x0000000701200000,0x0000000701902bc0,0x0000000705980000)
 Metaspace       used 24451K, capacity 24858K, committed 25216K, reserved 1071104K
  class space    used 3260K, capacity 3360K, committed 3456K, reserved 1048576K
Event: 7.599 GC heap after
Heap after GC invocations=7 (full 1):
 PSYoungGen      total 172544K, used 8150K [0x0000000780600000, 0x000000078b880000, 0x00000007c0000000)
  eden space 162816K, 0% used [0x0000000780600000,0x0000000780600000,0x000000078a500000)
  from space 9728K, 83% used [0x000000078ae80000,0x000000078b675900,0x000000078b800000)
  to   space 9728K, 0% used [0x000000078a500000,0x000000078a500000,0x000000078ae80000)
 ParOldGen       total 73216K, used 7186K [0x0000000701200000, 0x0000000705980000, 0x0000000780600000)
  object space 73216K, 9% used [0x0000000701200000,0x0000000701904bc0,0x0000000705980000)
 Metaspace       used 24451K, capacity 24858K, committed 25216K, reserved 1071104K
  class space    used 3260K, capacity 3360K, committed 3456K, reserved 1048576K
}
Event: 8.659 GC heap before
{Heap before GC invocations=8 (full 1):
 PSYoungGen      total 172544K, used 170966K [0x0000000780600000, 0x000000078b880000, 0x00000007c0000000)
  eden space 162816K, 100% used [0x0000000780600000,0x000000078a500000,0x000000078a500000)
  from space 9728K, 83% used [0x000000078ae80000,0x000000078b675900,0x000000078b800000)
  to   space 9728K, 0% used [0x000000078a500000,0x000000078a500000,0x000000078ae80000)
 ParOldGen       total 73216K, used 7186K [0x0000000701200000, 0x0000000705980000, 0x0000000780600000)
  object space 73216K, 9% used [0x0000000701200000,0x0000000701904bc0,0x0000000705980000)
 Metaspace       used 29651K, capacity 30088K, committed 30464K, reserved 1075200K
  class space    used 3884K, capacity 3981K, committed 4096K, reserved 1048576K
Event: 8.685 GC heap after
Heap after GC invocations=8 (full 1):
 PSYoungGen      total 172544K, used 9727K [0x0000000780600000, 0x0000000792d00000, 0x00000007c0000000)
  eden space 162816K, 0% used [0x0000000780600000,0x0000000780600000,0x000000078a500000)
  from space 9728K, 99% used [0x000000078a500000,0x000000078ae7fe60,0x000000078ae80000)
  to   space 13824K, 0% used [0x0000000791f80000,0x0000000791f80000,0x0000000792d00000)
 ParOldGen       total 73216K, used 13219K [0x0000000701200000, 0x0000000705980000, 0x0000000780600000)
  object space 73216K, 18% used [0x0000000701200000,0x0000000701ee8f10,0x0000000705980000)
 Metaspace       used 29651K, capacity 30088K, committed 30464K, reserved 1075200K
  class space    used 3884K, capacity 3981K, committed 4096K, reserved 1048576K
}
Event: 9.899 GC heap before
{Heap before GC invocations=9 (full 1):
 PSYoungGen      total 172544K, used 151922K [0x0000000780600000, 0x0000000792d00000, 0x00000007c0000000)
  eden space 162816K, 87% used [0x0000000780600000,0x00000007890dcac8,0x000000078a500000)
  from space 9728K, 99% used [0x000000078a500000,0x000000078ae7fe60,0x000000078ae80000)
  to   space 13824K, 0% used [0x0000000791f80000,0x0000000791f80000,0x0000000792d00000)
 ParOldGen       total 73216K, used 13219K [0x0000000701200000, 0x0000000705980000, 0x0000000780600000)
  object space 73216K, 18% used [0x0000000701200000,0x0000000701ee8f10,0x0000000705980000)
 Metaspace       used 34836K, capacity 35292K, committed 35416K, reserved 1079296K
  class space    used 4536K, capacity 4635K, committed 4696K, reserved 1048576K
Event: 9.928 GC heap after
Heap after GC invocations=9 (full 1):
 PSYoungGen      total 285184K, used 13796K [0x0000000780600000, 0x0000000793600000, 0x00000007c0000000)
  eden space 271360K, 0% used [0x0000000780600000,0x0000000780600000,0x0000000790f00000)
  from space 13824K, 99% used [0x0000000791f80000,0x0000000792cf9008,0x0000000792d00000)
  to   space 16896K, 0% used [0x0000000790f00000,0x0000000790f00000,0x0000000791f80000)
 ParOldGen       total 73216K, used 16794K [0x0000000701200000, 0x0000000705980000, 0x0000000780600000)
  object space 73216K, 22% used [0x0000000701200000,0x0000000702266a80,0x0000000705980000)
 Metaspace       used 34836K, capacity 35292K, committed 35416K, reserved 1079296K
  class space    used 4536K, capacity 4635K, committed 4696K, reserved 1048576K
}
Event: 9.928 GC heap before
{Heap before GC invocations=10 (full 2):
 PSYoungGen      total 285184K, used 13796K [0x0000000780600000, 0x0000000793600000, 0x00000007c0000000)
  eden space 271360K, 0% used [0x0000000780600000,0x0000000780600000,0x0000000790f00000)
  from space 13824K, 99% used [0x0000000791f80000,0x0000000792cf9008,0x0000000792d00000)
  to   space 16896K, 0% used [0x0000000790f00000,0x0000000790f00000,0x0000000791f80000)
 ParOldGen       total 73216K, used 16794K [0x0000000701200000, 0x0000000705980000, 0x0000000780600000)
  object space 73216K, 22% used [0x0000000701200000,0x0000000702266a80,0x0000000705980000)
 Metaspace       used 34836K, capacity 35292K, committed 35416K, reserved 1079296K
  class space    used 4536K, capacity 4635K, committed 4696K, reserved 1048576K
Event: 10.047 GC heap after
Heap after GC invocations=10 (full 2):
 PSYoungGen      total 285184K, used 0K [0x0000000780600000, 0x0000000793600000, 0x00000007c0000000)
  eden space 271360K, 0% used [0x0000000780600000,0x0000000780600000,0x0000000790f00000)
  from space 13824K, 0% used [0x0000000791f80000,0x0000000791f80000,0x0000000792d00000)
  to   space 16896K, 0% used [0x0000000790f00000,0x0000000790f00000,0x0000000791f80000)
 ParOldGen       total 129024K, used 25825K [0x0000000701200000, 0x0000000709000000, 0x0000000780600000)
  object space 129024K, 20% used [0x0000000701200000,0x0000000702b38400,0x0000000709000000)
 Metaspace       used 34836K, capacity 35292K, committed 35416K, reserved 1079296K
  class space    used 4536K, capacity 4635K, committed 4696K, reserved 1048576K
}

